<?xml version="1.0" encoding="UTF-8"?>
<!-- Generated by org.testng.reporters.JUnitXMLReporter -->
<testsuite hostname="LAPTOP-FQJ2DVAE" ignored="0" name="COS_54_Discountlimitsetup Test(failed)" tests="2" failures="0" timestamp="26 Sep 2020 07:43:36 GMT" time="40.252" errors="0">
  <testcase name="Adding_discountvalue_Test" time="13.237" classname="com.cosacs.TestCases.COS_54_Discountlimitsetup"/>
  <testcase name="Verify_DiscountLimit_Test" time="15.431" classname="com.cosacs.TestCases.COS_54_Discountlimitsetup"/>
</testsuite> <!-- COS_54_Discountlimitsetup Test(failed) -->
