<?xml version="1.0" encoding="UTF-8"?>
<!-- Generated by org.testng.reporters.JUnitXMLReporter -->
<testsuite hostname="LAPTOP-FQJ2DVAE" ignored="0" name="COS_07_Repossessed(failed)" tests="1" failures="1" timestamp="26 Sep 2020 07:37:24 GMT" time="23.516" errors="0">
  <testcase name="Repossessed" time="12.65" classname="com.cosacs.TestCases.COS_07_Repossessed">
    <failure type="java.lang.NullPointerException">
      <![CDATA[java.lang.NullPointerException
at com.cosacs.PageObject.Library$Interaction.click(Library.java:120)
at com.cosacs.TestCases.COS_07_Repossessed.Repossessed(COS_07_Repossessed.java:68)
... Removed 25 stack frames]]>
    </failure>
  </testcase> <!-- Repossessed -->
</testsuite> <!-- COS_07_Repossessed(failed) -->
