<?xml version="1.0" encoding="UTF-8"?>
<!-- Generated by org.testng.reporters.JUnitXMLReporter -->
<testsuite hostname="LAPTOP-FQJ2DVAE" ignored="0" name="COS_86_Exchangerate Test(failed)" tests="2" failures="1" timestamp="26 Sep 2020 07:47:02 GMT" time="18.412" errors="0">
  <testcase name="verifyexchangerate_Test" time="6.632" classname="com.cosacs.TestCases.COS_86_Exchangerate">
    <failure type="java.lang.NullPointerException">
      <![CDATA[java.lang.NullPointerException
at com.cosacs.PageObject.Library$Interaction.click(Library.java:120)
at com.cosacs.TestCases.COS_86_Exchangerate.verifyexchangerate_Test(COS_86_Exchangerate.java:63)
... Removed 25 stack frames]]>
    </failure>
  </testcase> <!-- verifyexchangerate_Test -->
  <testcase name="Validate_ExchangeRtae_Test" time="0.0" classname="com.cosacs.TestCases.COS_86_Exchangerate">
    <skipped/>
  </testcase> <!-- Validate_ExchangeRtae_Test -->
</testsuite> <!-- COS_86_Exchangerate Test(failed) -->
