<?xml version="1.0" encoding="UTF-8"?>
<!-- Generated by org.testng.reporters.JUnitXMLReporter -->
<testsuite hostname="LAPTOP-FQJ2DVAE" ignored="0" name="COS57_TechnicianDairy Test(failed)(failed)" tests="1" failures="1" timestamp="26 Sep 2020 08:12:04 GMT" time="161.813" errors="0">
  <testcase name="TechnicianDairy" time="145.768" classname="com.cosacs.TestCases.COS57_TechnicianDairy">
    <failure type="java.lang.NullPointerException">
      <![CDATA[java.lang.NullPointerException
at com.cosacs.PageObject.Library$Interaction.click(Library.java:120)
at com.cosacs.TestCases.COS57_TechnicianDairy.TechnicianDairy(COS57_TechnicianDairy.java:50)
... Removed 25 stack frames]]>
    </failure>
  </testcase> <!-- TechnicianDairy -->
</testsuite> <!-- COS57_TechnicianDairy Test(failed)(failed) -->
