<?xml version="1.0" encoding="UTF-8"?>
<testng-results skipped="0" failed="0" ignored="0" total="1" passed="1">
  <reporter-output>
  </reporter-output>
  <suite name="COSACS" duration-ms="104819" started-at="2020-09-25T03:39:07Z" finished-at="2020-09-25T03:40:51Z">
    <groups>
    </groups>
    <test name="COS17_GoodsReceipt Test" duration-ms="104819" started-at="2020-09-25T03:39:07Z" finished-at="2020-09-25T03:40:51Z">
      <class name="com.cosacs.TestCases.COS17_GoodsReceipt">
        <test-method status="PASS" signature="launchChrome(java.lang.String)[pri:0, instance:com.cosacs.TestCases.COS17_GoodsReceipt@5f71c76a]" name="launchChrome" is-config="true" duration-ms="11719" started-at="2020-09-25T03:39:07Z" finished-at="2020-09-25T03:39:18Z">
          <params>
            <param index="0">
              <value>
                <![CDATA[chrome]]>
              </value>
            </param>
          </params>
          <reporter-output>
          </reporter-output>
        </test-method> <!-- launchChrome -->
        <test-method status="PASS" signature="GoodsRecieptForm()[pri:0, instance:com.cosacs.TestCases.COS17_GoodsReceipt@5f71c76a]" name="GoodsRecieptForm" duration-ms="92454" started-at="2020-09-25T03:39:18Z" finished-at="2020-09-25T03:40:51Z">
          <reporter-output>
          </reporter-output>
        </test-method> <!-- GoodsRecieptForm -->
        <test-method status="PASS" signature="close()[pri:0, instance:com.cosacs.TestCases.COS17_GoodsReceipt@5f71c76a]" name="close" is-config="true" duration-ms="623" started-at="2020-09-25T03:40:51Z" finished-at="2020-09-25T03:40:51Z">
          <reporter-output>
          </reporter-output>
        </test-method> <!-- close -->
      </class> <!-- com.cosacs.TestCases.COS17_GoodsReceipt -->
    </test> <!-- COS17_GoodsReceipt Test -->
  </suite> <!-- COSACS -->
</testng-results>
