<?xml version="1.0" encoding="UTF-8"?>
<testng-results skipped="0" failed="0" ignored="0" total="5" passed="5">
  <reporter-output>
  </reporter-output>
  <suite name="COSACS" duration-ms="137497" started-at="2020-09-23T07:12:04Z" finished-at="2020-09-23T07:14:21Z">
    <groups>
    </groups>
    <test name="COS01_LocationCreation Test" duration-ms="36863" started-at="2020-09-23T07:12:04Z" finished-at="2020-09-23T07:12:41Z">
      <class name="com.cosacs.TestCases.COS01_LocationCreation">
        <test-method status="PASS" signature="launchChrome(java.lang.String)[pri:0, instance:com.cosacs.TestCases.COS01_LocationCreation@5f71c76a]" name="launchChrome" is-config="true" duration-ms="11318" started-at="2020-09-23T07:12:04Z" finished-at="2020-09-23T07:12:15Z">
          <params>
            <param index="0">
              <value>
                <![CDATA[chrome]]>
              </value>
            </param>
          </params>
          <reporter-output>
          </reporter-output>
        </test-method> <!-- launchChrome -->
        <test-method status="PASS" signature="createLocation_Test()[pri:0, instance:com.cosacs.TestCases.COS01_LocationCreation@5f71c76a]" name="createLocation_Test" duration-ms="19820" started-at="2020-09-23T07:12:15Z" finished-at="2020-09-23T07:12:35Z">
          <reporter-output>
          </reporter-output>
        </test-method> <!-- createLocation_Test -->
        <test-method status="PASS" signature="searchLocation_Test()[pri:0, instance:com.cosacs.TestCases.COS01_LocationCreation@5f71c76a]" name="searchLocation_Test" duration-ms="5083" started-at="2020-09-23T07:12:35Z" depends-on-methods="com.cosacs.TestCases.COS01_LocationCreation.createLocation_Test" finished-at="2020-09-23T07:12:40Z">
          <reporter-output>
          </reporter-output>
        </test-method> <!-- searchLocation_Test -->
        <test-method status="PASS" signature="close()[pri:0, instance:com.cosacs.TestCases.COS01_LocationCreation@5f71c76a]" name="close" is-config="true" duration-ms="617" started-at="2020-09-23T07:12:40Z" finished-at="2020-09-23T07:12:41Z">
          <reporter-output>
          </reporter-output>
        </test-method> <!-- close -->
      </class> <!-- com.cosacs.TestCases.COS01_LocationCreation -->
    </test> <!-- COS01_LocationCreation Test -->
    <test name="COS04_LocalVendorCreation Test" duration-ms="49594" started-at="2020-09-23T07:12:41Z" finished-at="2020-09-23T07:13:31Z">
      <class name="com.cosacs.TestCases.COS04_LocalVendorCreation">
        <test-method status="PASS" signature="launchChrome(java.lang.String)[pri:0, instance:com.cosacs.TestCases.COS04_LocalVendorCreation@6e2c9341]" name="launchChrome" is-config="true" duration-ms="16178" started-at="2020-09-23T07:12:41Z" finished-at="2020-09-23T07:12:57Z">
          <params>
            <param index="0">
              <value>
                <![CDATA[chrome]]>
              </value>
            </param>
          </params>
          <reporter-output>
          </reporter-output>
        </test-method> <!-- launchChrome -->
        <test-method status="PASS" signature="createVendor_Test()[pri:0, instance:com.cosacs.TestCases.COS04_LocalVendorCreation@6e2c9341]" name="createVendor_Test" duration-ms="28499" started-at="2020-09-23T07:12:57Z" finished-at="2020-09-23T07:13:26Z">
          <reporter-output>
          </reporter-output>
        </test-method> <!-- createVendor_Test -->
        <test-method status="PASS" signature="SearchVendor_Test()[pri:0, instance:com.cosacs.TestCases.COS04_LocalVendorCreation@6e2c9341]" name="SearchVendor_Test" duration-ms="4276" started-at="2020-09-23T07:13:26Z" depends-on-methods="com.cosacs.TestCases.COS04_LocalVendorCreation.createVendor_Test" finished-at="2020-09-23T07:13:30Z">
          <reporter-output>
          </reporter-output>
        </test-method> <!-- SearchVendor_Test -->
        <test-method status="PASS" signature="close()[pri:0, instance:com.cosacs.TestCases.COS04_LocalVendorCreation@6e2c9341]" name="close" is-config="true" duration-ms="639" started-at="2020-09-23T07:13:30Z" finished-at="2020-09-23T07:13:31Z">
          <reporter-output>
          </reporter-output>
        </test-method> <!-- close -->
      </class> <!-- com.cosacs.TestCases.COS04_LocalVendorCreation -->
    </test> <!-- COS04_LocalVendorCreation Test -->
    <test name="COS100_TopSKUReports Test" duration-ms="50738" started-at="2020-09-23T07:13:31Z" finished-at="2020-09-23T07:14:21Z">
      <class name="com.cosacs.TestCases.COS100_TopSKUReports">
        <test-method status="PASS" signature="launchChrome(java.lang.String)[pri:0, instance:com.cosacs.TestCases.COS100_TopSKUReports@32cf48b7]" name="launchChrome" is-config="true" duration-ms="11908" started-at="2020-09-23T07:13:31Z" finished-at="2020-09-23T07:13:43Z">
          <params>
            <param index="0">
              <value>
                <![CDATA[chrome]]>
              </value>
            </param>
          </params>
          <reporter-output>
          </reporter-output>
        </test-method> <!-- launchChrome -->
        <test-method status="PASS" signature="topSkuReports_Test()[pri:0, instance:com.cosacs.TestCases.COS100_TopSKUReports@32cf48b7]" name="topSkuReports_Test" duration-ms="38189" started-at="2020-09-23T07:13:43Z" finished-at="2020-09-23T07:14:21Z">
          <reporter-output>
          </reporter-output>
        </test-method> <!-- topSkuReports_Test -->
        <test-method status="PASS" signature="close()[pri:0, instance:com.cosacs.TestCases.COS100_TopSKUReports@32cf48b7]" name="close" is-config="true" duration-ms="637" started-at="2020-09-23T07:14:21Z" finished-at="2020-09-23T07:14:21Z">
          <reporter-output>
          </reporter-output>
        </test-method> <!-- close -->
      </class> <!-- com.cosacs.TestCases.COS100_TopSKUReports -->
    </test> <!-- COS100_TopSKUReports Test -->
  </suite> <!-- COSACS -->
</testng-results>
