<?xml version="1.0" encoding="UTF-8"?>
<!-- Generated by org.testng.reporters.JUnitXMLReporter -->
<testsuite hostname="LAPTOP-FQJ2DVAE" ignored="0" name="COS01_LocationCreation Test" tests="2" failures="1" timestamp="24 Sep 2020 11:47:11 GMT" time="39.9" errors="0">
  <testcase name="createLocation_Test" time="27.011" classname="com.cosacs.TestCases.COS01_LocationCreation">
    <failure type="java.lang.AssertionError" message="expected [Location saved successfully] but found [Cannot save location  Sales System Id must be unique]">
      <![CDATA[java.lang.AssertionError: expected [Location saved successfully] but found [Cannot save location  Sales System Id must be unique]
at com.cosacs.TestCases.COS01_LocationCreation.createLocation_Test(COS01_LocationCreation.java:92)
... Removed 31 stack frames]]>
    </failure>
  </testcase> <!-- createLocation_Test -->
  <testcase name="searchLocation_Test" time="0.0" classname="com.cosacs.TestCases.COS01_LocationCreation">
    <skipped/>
  </testcase> <!-- searchLocation_Test -->
</testsuite> <!-- COS01_LocationCreation Test -->
