<?xml version="1.0" encoding="UTF-8"?>
<!-- Generated by org.testng.reporters.JUnitXMLReporter -->
<testsuite hostname="LAPTOP-FQJ2DVAE" ignored="0" name="COS06_LocalProductCreation" tests="2" failures="0" timestamp="26 Sep 2020 06:21:45 GMT" time="136.755" errors="0">
  <testcase name="LocalProduct" time="27.604" classname="com.cosacs.TestCases.COS06_LocalProductCreation"/>
  <testcase name="createLocationForm" time="97.627" classname="com.cosacs.TestCases.COS06_LocalProductCreation"/>
</testsuite> <!-- COS06_LocalProductCreation -->
