<?xml version="1.0" encoding="UTF-8"?>
<!-- Generated by org.testng.reporters.JUnitXMLReporter -->
<testsuite hostname="LAPTOP-FQJ2DVAE" ignored="0" name="COS04_LocalVendorCreation Test" tests="2" failures="0" timestamp="24 Sep 2020 11:47:47 GMT" time="35.717" errors="0">
  <testcase name="createVendor_Test" time="16.874" classname="com.cosacs.TestCases.COS04_LocalVendorCreation"/>
  <testcase name="SearchVendor_Test" time="1.518" classname="com.cosacs.TestCases.COS04_LocalVendorCreation"/>
</testsuite> <!-- COS04_LocalVendorCreation Test -->
