<?xml version="1.0" encoding="UTF-8"?>
<!-- Generated by org.testng.reporters.JUnitXMLReporter -->
<testsuite hostname="LAPTOP-FQJ2DVAE" ignored="0" name="COS01_LocationCreation Test" tests="2" failures="0" timestamp="26 Sep 2020 06:16:27 GMT" time="40.436" errors="0">
  <testcase name="createLocation_Test" time="22.792" classname="com.cosacs.TestCases.COS01_LocationCreation"/>
  <testcase name="searchLocation_Test" time="5.433" classname="com.cosacs.TestCases.COS01_LocationCreation"/>
</testsuite> <!-- COS01_LocationCreation Test -->
