<?xml version="1.0" encoding="UTF-8"?>
<!-- Generated by org.testng.reporters.JUnitXMLReporter -->
<testsuite hostname="LAPTOP-FQJ2DVAE" ignored="0" name="COS09_ComboProductCreation" tests="2" failures="0" timestamp="24 Sep 2020 11:59:23 GMT" time="175.845" errors="0">
  <testcase name="ComboProduct" time="156.614" classname="com.cosacs.TestCases.COS09_ComboProductCreation"/>
  <testcase name="CreateCombo" time="6.825" classname="com.cosacs.TestCases.COS09_ComboProductCreation"/>
</testsuite> <!-- COS09_ComboProductCreation -->
