<?xml version="1.0" encoding="UTF-8"?>
<!-- Generated by org.testng.reporters.JUnitXMLReporter -->
<testsuite hostname="LAPTOP-FQJ2DVAE" ignored="0" name="COS05_RegularStock Test" tests="4" failures="1" timestamp="24 Sep 2020 11:50:17 GMT" time="149.187" errors="0">
  <testcase name="RegularStock" time="12.744" classname="com.cosacs.TestCases.COS05_RegularStock"/>
  <testcase name="CreateRegularStock" time="28.736" classname="com.cosacs.TestCases.COS05_RegularStock"/>
  <testcase name="ProductDetails" time="94.684" classname="com.cosacs.TestCases.COS05_RegularStock">
    <failure type="java.lang.AssertionError" message="expected [Retail price saved successfully] but found [The effective date should always be greater than today s date]">
      <![CDATA[java.lang.AssertionError: expected [Retail price saved successfully] but found [The effective date should always be greater than today s date]
at com.cosacs.TestCases.COS05_RegularStock.ProductDetails(COS05_RegularStock.java:290)
... Removed 31 stack frames]]>
    </failure>
  </testcase> <!-- ProductDetails -->
  <testcase name="ProductEnquiry" time="0.0" classname="com.cosacs.TestCases.COS05_RegularStock">
    <skipped/>
  </testcase> <!-- ProductEnquiry -->
</testsuite> <!-- COS05_RegularStock Test -->
