<?xml version="1.0" encoding="UTF-8"?>
<!-- Generated by org.testng.reporters.JUnitXMLReporter -->
<testsuite hostname="LAPTOP-FQJ2DVAE" ignored="0" name="COS06_LocalProductCreation" tests="2" failures="0" timestamp="24 Sep 2020 11:51:41 GMT" time="84.207" errors="0">
  <testcase name="LocalProduct" time="14.515" classname="com.cosacs.TestCases.COS06_LocalProductCreation"/>
  <testcase name="createLocationForm" time="58.003" classname="com.cosacs.TestCases.COS06_LocalProductCreation"/>
</testsuite> <!-- COS06_LocalProductCreation -->
