<?xml version="1.0" encoding="UTF-8"?>
<!-- Generated by org.testng.reporters.JUnitXMLReporter -->
<testsuite hostname="LAPTOP-FQJ2DVAE" ignored="0" name="COS04_LocalVendorCreation Test" tests="2" failures="0" timestamp="26 Sep 2020 06:18:27 GMT" time="50.238" errors="0">
  <testcase name="createVendor_Test" time="34.494" classname="com.cosacs.TestCases.COS04_LocalVendorCreation"/>
  <testcase name="SearchVendor_Test" time="4.64" classname="com.cosacs.TestCases.COS04_LocalVendorCreation"/>
</testsuite> <!-- COS04_LocalVendorCreation Test -->
