<?xml version="1.0" encoding="UTF-8"?>
<!-- Generated by org.testng.reporters.JUnitXMLReporter -->
<testsuite hostname="LAPTOP-FQJ2DVAE" ignored="0" name="COS09_ComboProductCreation" tests="2" failures="0" timestamp="26 Sep 2020 06:29:15 GMT" time="267.739" errors="0">
  <testcase name="ComboProduct" time="245.767" classname="com.cosacs.TestCases.COS09_ComboProductCreation"/>
  <testcase name="CreateCombo" time="8.932" classname="com.cosacs.TestCases.COS09_ComboProductCreation"/>
</testsuite> <!-- COS09_ComboProductCreation -->
