<?xml version="1.0" encoding="UTF-8"?>
<!-- Generated by org.testng.reporters.JUnitXMLReporter -->
<testsuite hostname="LAPTOP-FQJ2DVAE" ignored="0" name="COS103_Merchandising_Warehouse_OverSupply Test" tests="2" failures="0" timestamp="27 Sep 2020 03:04:18 GMT" time="81.223" errors="0">
  <testcase name="Delivery_PerformanceSummary" time="54.656" classname="com.cosacs.TestCases.COS112_Logistics_DeliveryPerformanceSummary"/>
  <testcase name="CreateCombo" time="10.105" classname="com.cosacs.TestCases.COS112_Logistics_DeliveryPerformanceSummary"/>
</testsuite> <!-- COS103_Merchandising_Warehouse_OverSupply Test -->
