<?xml version="1.0" encoding="UTF-8"?>
<!-- Generated by org.testng.reporters.JUnitXMLReporter -->
<testsuite hostname="LAPTOP-FQJ2DVAE" ignored="0" name="COS13_NewNonStockCreation" tests="2" failures="0" timestamp="26 Sep 2020 06:30:57 GMT" time="31.131" errors="0">
  <testcase name="NonStock" time="9.246" classname="com.cosacs.TestCases.COS13_NewNonStockCreation"/>
  <testcase name="NonStockCreation" time="9.711" classname="com.cosacs.TestCases.COS13_NewNonStockCreation"/>
</testsuite> <!-- COS13_NewNonStockCreation -->
