<?xml version="1.0" encoding="UTF-8"?>
<!-- Generated by org.testng.reporters.JUnitXMLReporter -->
<testsuite hostname="LAPTOP-FQJ2DVAE" ignored="0" name="COS15_StockAllocation" tests="3" failures="0" timestamp="24 Sep 2020 12:09:16 GMT" time="163.781" errors="0">
  <testcase name="StockAllocation" time="12.976" classname="com.cosacs.TestCases.COS15_StockAllocation"/>
  <testcase name="createStockAllocation" time="137.161" classname="com.cosacs.TestCases.COS15_StockAllocation"/>
  <testcase name="SearchStockAllocation" time="2.032" classname="com.cosacs.TestCases.COS15_StockAllocation"/>
</testsuite> <!-- COS15_StockAllocation -->
