<?xml version="1.0" encoding="UTF-8"?>
<!-- Generated by org.testng.reporters.JUnitXMLReporter -->
<testsuite hostname="LAPTOP-FQJ2DVAE" ignored="0" name="COS10_SparePartsProductCreation" tests="2" failures="0" timestamp="24 Sep 2020 12:00:31 GMT" time="67.426" errors="0">
  <testcase name="saprePartCreation" time="22.229" classname="com.cosacs.TestCases.COS10_SparePartsProductCreation"/>
  <testcase name="verifysaprePartCreation" time="33.185" classname="com.cosacs.TestCases.COS10_SparePartsProductCreation"/>
</testsuite> <!-- COS10_SparePartsProductCreation -->
