<?xml version="1.0" encoding="UTF-8"?>
<!-- Generated by org.testng.reporters.JUnitXMLReporter -->
<testsuite hostname="LAPTOP-FQJ2DVAE" ignored="0" name="COS16_StockRequisitionProcess" tests="3" failures="0" timestamp="27 Sep 2020 16:06:34 GMT" time="46.275" errors="0">
  <testcase name="StockRequisition" time="9.604" classname="com.cosacs.TestCases.COS16_StockRequisitionProcess"/>
  <testcase name="createStockRequisition" time="13.646" classname="com.cosacs.TestCases.COS16_StockRequisitionProcess"/>
  <testcase name="SearchStockRequisition" time="10.699" classname="com.cosacs.TestCases.COS16_StockRequisitionProcess"/>
</testsuite> <!-- COS16_StockRequisitionProcess -->
