<?xml version="1.0" encoding="UTF-8"?>
<!-- Generated by org.testng.reporters.JUnitXMLReporter -->
<testsuite hostname="LAPTOP-FQJ2DVAE" ignored="0" name="COS16_StockRequisitionProcess" tests="3" failures="0" timestamp="26 Sep 2020 06:41:31 GMT" time="269.177" errors="0">
  <testcase name="StockRequisition" time="12.863" classname="com.cosacs.TestCases.COS16_StockRequisitionProcess"/>
  <testcase name="createStockRequisition" time="243.34" classname="com.cosacs.TestCases.COS16_StockRequisitionProcess"/>
  <testcase name="SearchStockRequisition" time="2.016" classname="com.cosacs.TestCases.COS16_StockRequisitionProcess"/>
</testsuite> <!-- COS16_StockRequisitionProcess -->
