<?xml version="1.0" encoding="UTF-8"?>
<!-- Generated by org.testng.reporters.JUnitXMLReporter -->
<testsuite hostname="LAPTOP-FQJ2DVAE" ignored="0" name="COS10_SparePartsProductCreation" tests="2" failures="0" timestamp="26 Sep 2020 13:48:50 GMT" time="57.269" errors="0">
  <testcase name="saprePartCreation" time="14.1" classname="com.cosacs.TestCases.COS10_SparePartsProductCreation"/>
  <testcase name="verifysaprePartCreation" time="31.929" classname="com.cosacs.TestCases.COS10_SparePartsProductCreation"/>
</testsuite> <!-- COS10_SparePartsProductCreation -->
