<?xml version="1.0" encoding="UTF-8"?>
<!-- Generated by org.testng.reporters.JUnitXMLReporter -->
<testsuite hostname="LAPTOP-FQJ2DVAE" ignored="0" name="COS19_StockCount Test" tests="2" failures="0" timestamp="26 Sep 2020 06:46:26 GMT" time="44.807" errors="0">
  <testcase name="Stock_Count" time="14.869" classname="com.cosacs.TestCases.COS19_StockCount"/>
  <testcase name="CreateStock" time="16.785" classname="com.cosacs.TestCases.COS19_StockCount"/>
</testsuite> <!-- COS19_StockCount Test -->
