<?xml version="1.0" encoding="UTF-8"?>
<!-- Generated by org.testng.reporters.JUnitXMLReporter -->
<testsuite hostname="LAPTOP-FQJ2DVAE" ignored="0" name="COS15_StockAllocation" tests="3" failures="0" timestamp="26 Sep 2020 06:37:02 GMT" time="39.482" errors="0">
  <testcase name="StockAllocation" time="12.644" classname="com.cosacs.TestCases.COS15_StockAllocation"/>
  <testcase name="createStockAllocation" time="12.446" classname="com.cosacs.TestCases.COS15_StockAllocation"/>
  <testcase name="SearchStockAllocation" time="1.88" classname="com.cosacs.TestCases.COS15_StockAllocation"/>
</testsuite> <!-- COS15_StockAllocation -->
