<?xml version="1.0" encoding="UTF-8"?>
<!-- Generated by org.testng.reporters.JUnitXMLReporter -->
<testsuite hostname="LAPTOP-FQJ2DVAE" ignored="0" name="COS13_NewNonStockCreation" tests="2" failures="0" timestamp="24 Sep 2020 12:01:03 GMT" time="32.056" errors="0">
  <testcase name="NonStock" time="9.775" classname="com.cosacs.TestCases.COS13_NewNonStockCreation"/>
  <testcase name="NonStockCreation" time="10.242" classname="com.cosacs.TestCases.COS13_NewNonStockCreation"/>
</testsuite> <!-- COS13_NewNonStockCreation -->
