<?xml version="1.0" encoding="UTF-8"?>
<!-- Generated by org.testng.reporters.JUnitXMLReporter -->
<testsuite hostname="LAPTOP-FQJ2DVAE" ignored="0" name="COS20_HomeDelivery Test" tests="5" failures="1" timestamp="26 Sep 2020 06:49:23 GMT" time="176.449" errors="0">
  <testcase name="Picking" time="164.531" classname="com.cosacs.TestCases.COS20_HomeDelivery">
    <failure type="java.lang.NullPointerException">
      <![CDATA[java.lang.NullPointerException
at com.cosacs.PageObject.Library$Interaction.click(Library.java:120)
at com.cosacs.TestCases.COS20_HomeDelivery.Picking(COS20_HomeDelivery.java:81)
... Removed 25 stack frames]]>
    </failure>
  </testcase> <!-- Picking -->
  <testcase name="SearchPicklist" time="0.0" classname="com.cosacs.TestCases.COS20_HomeDelivery">
    <skipped/>
  </testcase> <!-- SearchPicklist -->
  <testcase name="Scheduling" time="0.0" classname="com.cosacs.TestCases.COS20_HomeDelivery">
    <skipped/>
  </testcase> <!-- Scheduling -->
  <testcase name="SearchDeliverySchedules" time="0.0" classname="com.cosacs.TestCases.COS20_HomeDelivery">
    <skipped/>
  </testcase> <!-- SearchDeliverySchedules -->
  <testcase name="SearchShipments" time="0.0" classname="com.cosacs.TestCases.COS20_HomeDelivery">
    <skipped/>
  </testcase> <!-- SearchShipments -->
</testsuite> <!-- COS20_HomeDelivery Test -->
