<?xml version="1.0" encoding="UTF-8"?>
<!-- Generated by org.testng.reporters.JUnitXMLReporter -->
<testsuite hostname="LAPTOP-FQJ2DVAE" ignored="0" name="COS48_WarrantyProductLink Test" tests="2" failures="0" timestamp="27 Sep 2020 17:24:44 GMT" time="49.053" errors="0">
  <testcase name="WarrantyProductLink" time="15.193" classname="com.cosacs.TestCases.COS48_WarrantyProductLink"/>
  <testcase name="LinkProduct" time="22.555" classname="com.cosacs.TestCases.COS48_WarrantyProductLink"/>
</testsuite> <!-- COS48_WarrantyProductLink Test -->
