<?xml version="1.0" encoding="UTF-8"?>
<!-- Generated by org.testng.reporters.JUnitXMLReporter -->
<testsuite hostname="LAPTOP-FQJ2DVAE" ignored="0" name="COS49_WarrantySimulator Test" tests="2" failures="0" timestamp="28 Sep 2020 05:04:35 GMT" time="30.376" errors="0">
  <testcase name="WarrantySimulator" time="15.249" classname="com.cosacs.TestCases.COS49_WarrantySimulator"/>
  <testcase name="WarrantySimulatorServices" time="2.485" classname="com.cosacs.TestCases.COS49_WarrantySimulator"/>
</testsuite> <!-- COS49_WarrantySimulator Test -->
