<?xml version="1.0" encoding="UTF-8"?>
<!-- Generated by org.testng.reporters.JUnitXMLReporter -->
<testsuite hostname="LAPTOP-FQJ2DVAE" ignored="0" name="COS50_WarrantyPromotions Test" tests="2" failures="0" timestamp="27 Sep 2020 17:16:01 GMT" time="40.169" errors="0">
  <testcase name="WarrantyPromotions" time="10.066" classname="com.cosacs.TestCases.COS50_WarrantyPromotions"/>
  <testcase name="WarrantyPromotionsServices" time="18.021" classname="com.cosacs.TestCases.COS50_WarrantyPromotions"/>
</testsuite> <!-- COS50_WarrantyPromotions Test -->
