<?xml version="1.0" encoding="UTF-8"?>
<!-- Generated by org.testng.reporters.JUnitXMLReporter -->
<testsuite hostname="LAPTOP-FQJ2DVAE" ignored="0" name="COS57_TechnicianDairy Test" tests="1" failures="1" timestamp="26 Sep 2020 06:54:46 GMT" time="150.227" errors="0">
  <testcase name="TechnicianDairy" time="137.911" classname="com.cosacs.TestCases.COS57_TechnicianDairy">
    <failure type="java.lang.NullPointerException">
      <![CDATA[java.lang.NullPointerException
at com.cosacs.PageObject.Library$Interaction.click(Library.java:120)
at com.cosacs.TestCases.COS57_TechnicianDairy.TechnicianDairy(COS57_TechnicianDairy.java:56)
... Removed 25 stack frames]]>
    </failure>
  </testcase> <!-- TechnicianDairy -->
</testsuite> <!-- COS57_TechnicianDairy Test -->
