<?xml version="1.0" encoding="UTF-8"?>
<!-- Generated by org.testng.reporters.JUnitXMLReporter -->
<testsuite hostname="LAPTOP-FQJ2DVAE" ignored="0" name="COS60_Search_MyJobs Test" tests="2" failures="0" timestamp="27 Sep 2020 03:43:07 GMT" time="229.675" errors="0">
  <testcase name="SearchMyJobs" time="13.863" classname="com.cosacs.TestCases.COS60_Search_MyJobs"/>
  <testcase name="SearchMyJobsPage" time="204.063" classname="com.cosacs.TestCases.COS60_Search_MyJobs"/>
</testsuite> <!-- COS60_Search_MyJobs Test -->
