<?xml version="1.0" encoding="UTF-8"?>
<!-- Generated by org.testng.reporters.JUnitXMLReporter -->
<testsuite hostname="LAPTOP-FQJ2DVAE" ignored="0" name="COS66_Service_SupplierContractualCosts Test" tests="1" failures="1" timestamp="26 Sep 2020 06:56:05 GMT" time="39.636" errors="0">
  <testcase name="SupplierContractualCosts" time="27.038" classname="com.cosacs.TestCases.COS66_Service_SupplierContractualCosts">
    <failure type="java.lang.NullPointerException">
      <![CDATA[java.lang.NullPointerException
at com.cosacs.PageObject.Library$Interaction.click(Library.java:120)
at com.cosacs.TestCases.COS66_Service_SupplierContractualCosts.SupplierContractualCosts(COS66_Service_SupplierContractualCosts.java:102)
... Removed 25 stack frames]]>
    </failure>
  </testcase> <!-- SupplierContractualCosts -->
</testsuite> <!-- COS66_Service_SupplierContractualCosts Test -->
