<?xml version="1.0" encoding="UTF-8"?>
<!-- Generated by org.testng.reporters.JUnitXMLReporter -->
<testsuite hostname="LAPTOP-FQJ2DVAE" ignored="0" name="COS61_TechnicianPayments Test" tests="2" failures="0" timestamp="27 Sep 2020 03:50:42 GMT" time="55.623" errors="0">
  <testcase name="TechnicianPayments" time="18.763" classname="com.cosacs.TestCases.COS61_TechnicianPayments"/>
  <testcase name="TechnicianPaymentsPage" time="25.065" classname="com.cosacs.TestCases.COS61_TechnicianPayments"/>
</testsuite> <!-- COS61_TechnicianPayments Test -->
