<?xml version="1.0" encoding="UTF-8"?>
<!-- Generated by org.testng.reporters.JUnitXMLReporter -->
<testsuite hostname="LAPTOP-FQJ2DVAE" ignored="0" name="COS77_ServiceRequestFinancialReport Test" tests="2" failures="0" timestamp="27 Sep 2020 03:55:59 GMT" time="47.323" errors="0">
  <testcase name="ServiceIncome" time="18.712" classname="com.cosacs.TestCases.COS79_ServiceIncomeAnalysis"/>
  <testcase name="SerrviceIncomeAnalysis" time="15.241" classname="com.cosacs.TestCases.COS79_ServiceIncomeAnalysis"/>
</testsuite> <!-- COS77_ServiceRequestFinancialReport Test -->
