<?xml version="1.0" encoding="UTF-8"?>
<!-- Generated by org.testng.reporters.JUnitXMLReporter -->
<testsuite hostname="LAPTOP-FQJ2DVAE" ignored="0" name="COS77_ServiceRequestFinancialReport Test" tests="2" failures="0" timestamp="26 Sep 2020 06:57:16 GMT" time="71.323" errors="0">
  <testcase name="SRFinancialReport" time="22.588" classname="com.cosacs.TestCases.COS77_ServiceRequestFinancialReport"/>
  <testcase name="verifyBuyerSalesReport" time="37.426" classname="com.cosacs.TestCases.COS77_ServiceRequestFinancialReport"/>
</testsuite> <!-- COS77_ServiceRequestFinancialReport Test -->
