<?xml version="1.0" encoding="UTF-8"?>
<!-- Generated by org.testng.reporters.JUnitXMLReporter -->
<testsuite hostname="LAPTOP-FQJ2DVAE" ignored="0" name="COS85_WarrantyReports Test" tests="6" failures="0" timestamp="26 Sep 2020 07:06:36 GMT" time="462.443" errors="0">
  <testcase name="warrantysales_Report_Test" time="131.776" classname="com.cosacs.TestCases.COS85_WarrantyReports"/>
  <testcase name="WarrantyDueRenewal_Report_Test" time="124.046" classname="com.cosacs.TestCases.COS85_WarrantyReports"/>
  <testcase name="WarantyReturn_Reports_Test" time="20.224" classname="com.cosacs.TestCases.COS85_WarrantyReports"/>
  <testcase name="WarrantyHitRate_Report_Test" time="31.662" classname="com.cosacs.TestCases.COS85_WarrantyReports"/>
  <testcase name="secondSolitaion_CandidatesReports_Test" time="124.686" classname="com.cosacs.TestCases.COS85_WarrantyReports"/>
  <testcase name="brokerwarranty_Transactionsreports_Test" time="17.188" classname="com.cosacs.TestCases.COS85_WarrantyReports"/>
</testsuite> <!-- COS85_WarrantyReports Test -->
