<?xml version="1.0" encoding="UTF-8"?>
<!-- Generated by org.testng.reporters.JUnitXMLReporter -->
<testsuite hostname="LAPTOP-FQJ2DVAE" ignored="0" name="COS83_OutstandingSRForProdDept Test" tests="2" failures="0" timestamp="27 Sep 2020 02:14:43 GMT" time="25.01" errors="0">
  <testcase name="OutstandingSRPerProdDept" time="7.407" classname="com.cosacs.TestCases.COS83_OutstandingSRForProdDept"/>
  <testcase name="OutstandingSRProdDept" time="5.136" classname="com.cosacs.TestCases.COS83_OutstandingSRForProdDept"/>
</testsuite> <!-- COS83_OutstandingSRForProdDept Test -->
