<?xml version="1.0" encoding="UTF-8"?>
<!-- Generated by org.testng.reporters.JUnitXMLReporter -->
<testsuite hostname="LAPTOP-FQJ2DVAE" ignored="0" name="COS_87_Paymentmethod Test" tests="4" failures="0" timestamp="26 Sep 2020 07:07:47 GMT" time="49.666" errors="0">
  <testcase name="Print_PaymentMethod_ListAvailableinPOS_Test" time="18.206" classname="com.cosacs.TestCases.COS_87_Paymentmethod"/>
  <testcase name="Select_Required_PaymentMethodCheckBox_Test" time="6.084" classname="com.cosacs.TestCases.COS_87_Paymentmethod"/>
  <testcase name="Validate_PaymentMethod_Selected_Test" time="9.422" classname="com.cosacs.TestCases.COS_87_Paymentmethod"/>
  <testcase name="MakeChanges_AS_previous_Test4" time="4.777" classname="com.cosacs.TestCases.COS_87_Paymentmethod"/>
</testsuite> <!-- COS_87_Paymentmethod Test -->
