<?xml version="1.0" encoding="UTF-8"?>
<!-- Generated by org.testng.reporters.JUnitXMLReporter -->
<testsuite hostname="LAPTOP-FQJ2DVAE" ignored="0" name="COS_18_Directreceipt Test" tests="3" failures="0" timestamp="26 Sep 2020 06:45:41 GMT" time="117.476" errors="0">
  <testcase name="Directreceipt_verify_stockcount_Test" time="35.707" classname="com.cosacs.TestCases.COS_18_Directreceipt"/>
  <testcase name="Generate_Directreceipt_number_form_Test" time="50.894" classname="com.cosacs.TestCases.COS_18_Directreceipt"/>
  <testcase name="Validate_Directreceipt_stockcount_afterDRN_Test" time="18.102" classname="com.cosacs.TestCases.COS_18_Directreceipt"/>
</testsuite> <!-- COS_18_Directreceipt Test -->
