<?xml version="1.0" encoding="UTF-8"?>
<!-- Generated by org.testng.reporters.JUnitXMLReporter -->
<testsuite hostname="LAPTOP-FQJ2DVAE" ignored="0" name="COS_86_Exchangerate Test" tests="2" failures="0" timestamp="26 Sep 2020 08:20:14 GMT" time="50.825" errors="0">
  <testcase name="verifyexchangerate_Test" time="25.655" classname="com.cosacs.TestCases.COS_86_Exchangerate"/>
  <testcase name="Validate_ExchangeRtae_Test" time="12.586" classname="com.cosacs.TestCases.COS_86_Exchangerate"/>
</testsuite> <!-- COS_86_Exchangerate Test -->
