<?xml version="1.0" encoding="UTF-8"?>
<!-- Generated by org.testng.reporters.JUnitXMLReporter -->
<testsuite hostname="LAPTOP-FQJ2DVAE" ignored="0" name="COS_26_Pointofsales Test" tests="5" failures="0" timestamp="26 Sep 2020 06:50:21 GMT" time="58.095" errors="0">
  <testcase name="SearchForTheProduct_AddRandomProducts_Test" time="12.038" classname="com.cosacs.TestCases.COS_26_Pointofsales"/>
  <testcase name="Add_CustomerDetails_Test" time="2.733" classname="com.cosacs.TestCases.COS_26_Pointofsales"/>
  <testcase name="Validate_AddedProduct_And_UnitCost_Test" time="5.424" classname="com.cosacs.TestCases.COS_26_Pointofsales"/>
  <testcase name="Make_Payment_And_GenerateInvoiceNumber_Test" time="18.142" classname="com.cosacs.TestCases.COS_26_Pointofsales"/>
  <testcase name="Validate_Generated_InvoiceNumber_Test" time="8.71" classname="com.cosacs.TestCases.COS_26_Pointofsales"/>
</testsuite> <!-- COS_26_Pointofsales Test -->
