<?xml version="1.0" encoding="UTF-8"?>
<!-- Generated by org.testng.reporters.JUnitXMLReporter -->
<testsuite hostname="LAPTOP-FQJ2DVAE" ignored="0" name="COS_53_SalesSystemConf Test" tests="3" failures="0" timestamp="26 Sep 2020 06:51:51 GMT" time="89.807" errors="0">
  <testcase name="Provide_TestData_In_SalesSystemConfigPage_Test" time="18.837" classname="com.cosacs.TestCases.COS_53_SalesSystemConf"/>
  <testcase name="Generate_SalesReceipt_Test" time="45.389" classname="com.cosacs.TestCases.COS_53_SalesSystemConf"/>
  <testcase name="ReEnter_All_TestDataProvided_Test" time="14.287" classname="com.cosacs.TestCases.COS_53_SalesSystemConf"/>
</testsuite> <!-- COS_53_SalesSystemConf Test -->
