<?xml version="1.0" encoding="UTF-8"?>
<!-- Generated by org.testng.reporters.JUnitXMLReporter -->
<testsuite hostname="LAPTOP-FQJ2DVAE" ignored="0" name="COS_54_Discountlimitsetup Test" tests="2" failures="1" timestamp="26 Sep 2020 06:52:15 GMT" time="24.39" errors="0">
  <testcase name="Adding_discountvalue_Test" time="12.592" classname="com.cosacs.TestCases.COS_54_Discountlimitsetup">
    <failure type="java.lang.NullPointerException">
      <![CDATA[java.lang.NullPointerException
at com.cosacs.PageObject.Library$Interaction.click(Library.java:120)
at com.cosacs.TestCases.COS_54_Discountlimitsetup.Adding_discountvalue_Test(COS_54_Discountlimitsetup.java:50)
... Removed 25 stack frames]]>
    </failure>
  </testcase> <!-- Adding_discountvalue_Test -->
  <testcase name="Verify_DiscountLimit_Test" time="0.001" classname="com.cosacs.TestCases.COS_54_Discountlimitsetup">
    <skipped/>
  </testcase> <!-- Verify_DiscountLimit_Test -->
</testsuite> <!-- COS_54_Discountlimitsetup Test -->
