<?xml version="1.0" encoding="UTF-8"?>
<!-- Generated by org.testng.reporters.JUnitXMLReporter -->
<testsuite hostname="LAPTOP-FQJ2DVAE" ignored="0" name="COS_87_Paymentmethod Test" tests="2" failures="0" timestamp="27 Sep 2020 02:03:58 GMT" time="77.644" errors="0">
  <testcase name="BuyerSalesHistoryReport" time="12.217" classname="com.cosacs.TestCases.COS93_BuyerSalesHistoryReport"/>
  <testcase name="verifyBuyerSalesReport" time="54.258" classname="com.cosacs.TestCases.COS93_BuyerSalesHistoryReport"/>
</testsuite> <!-- COS_87_Paymentmethod Test -->
